{"/Applications/MAMP/htdocs/sirius_new/omnichannel/backend/src/half.js": {"path":"/Applications/MAMP/htdocs/sirius_new/omnichannel/backend/src/half.js","statementMap":{"0":{"start":{"line":9,"column":17},"end":{"line":9,"column":24}},"1":{"start":{"line":10,"column":2},"end":{"line":10,"column":11}},"2":{"start":{"line":11,"column":2},"end":{"line":11,"column":16}}},"fnMap":{"0":{"name":"(anonymous_0)","decl":{"start":{"line":8,"column":15},"end":{"line":8,"column":16}},"loc":{"start":{"line":8,"column":24},"end":{"line":12,"column":1}},"line":8}},"branchMap":{},"s":{"0":1,"1":1,"2":1},"f":{"0":1},"b":{},"_coverageSchema":"1a1c01bbd47fc00a2c39e90264f33305004495a9","hash":"55b4017305ae669d26b1b8d356eedc7ac0cdc853"}
,"/Applications/MAMP/htdocs/sirius_new/omnichannel/backend/src/index.js": {"path":"/Applications/MAMP/htdocs/sirius_new/omnichannel/backend/src/index.js","statementMap":{},"fnMap":{},"branchMap":{},"s":{},"f":{},"b":{},"_coverageSchema":"1a1c01bbd47fc00a2c39e90264f33305004495a9","hash":"d1b446914e1b9972c3580e239ef3ca43f8944705"}
}
